<?xml version='1.0' encoding='UTF-8'?>
<testsuite hostname="DESKTOP-4SMIJET" name="load.LoadScript" tests="1" errors="0" failures="1" skipped="0" time="2000.588" timestamp="2018-10-01T14:04:30">
                     <properties>
[...]
</properties>
                     <testcase classname="load.LoadScript" name="LoadScript" time="2000.588">
                                                 <failure message="java.lang.IllegalArgumentException: Could not locate feeder file: file C:\test_users.csv doesn't exist" type="sbt.ForkMain$ForkError">sbt.ForkMain$ForkError: java.lang.IllegalArgumentException: Could not locate feeder file: file C:\test_users.csv doesn't exist
	at io.gatling.core.feeder.FeederSupport.feederBuilder(FeederSupport.scala:53)
	at io.gatling.core.feeder.FeederSupport.feederBuilder$(FeederSupport.scala:50)
	at io.gatling.core.Predef$.feederBuilder(Predef.scala:22)
	at io.gatling.core.feeder.FeederSupport.separatedValues(FeederSupport.scala:44)
	at io.gatling.core.feeder.FeederSupport.separatedValues$(FeederSupport.scala:43)
	at io.gatling.core.Predef$.separatedValues(Predef.scala:22)
	at io.gatling.core.feeder.FeederSupport.separatedValues(FeederSupport.scala:41)
	at io.gatling.core.feeder.FeederSupport.separatedValues$(FeederSupport.scala:40)
	at io.gatling.core.Predef$.separatedValues(Predef.scala:22)
	at io.gatling.core.feeder.FeederSupport.ssv(FeederSupport.scala:36)
	at io.gatling.core.feeder.FeederSupport.ssv$(FeederSupport.scala:35)
	at io.gatling.core.Predef$.ssv(Predef.scala:22)
	at load.LoadScript.&lt;init&gt;(LoadScript.scala:9)
	at sun.reflect.NativeConstructorAccessorImpl.newInstance0(Native Method)
	at sun.reflect.NativeConstructorAccessorImpl.newInstance(NativeConstructorAccessorImpl.java:62)
	at sun.reflect.DelegatingConstructorAccessorImpl.newInstance(DelegatingConstructorAccessorImpl.java:45)
	at java.lang.reflect.Constructor.newInstance(Constructor.java:423)
	at java.lang.Class.newInstance(Class.java:442)
	at io.gatling.app.Runner.run0(Runner.scala:79)
	at io.gatling.app.Runner.run(Runner.scala:64)
	at io.gatling.app.Gatling$.start(Gatling.scala:63)
	at io.gatling.app.Gatling$.fromArgs(Gatling.scala:45)
	at io.gatling.sbt.GatlingTask.liftedTree1$1(GatlingTask.scala:51)
	at io.gatling.sbt.GatlingTask.execute(GatlingTask.scala:50)
	at sbt.ForkMain$Run.lambda$runTest$1(ForkMain.java:304)
	at java.util.concurrent.FutureTask.run(FutureTask.java:266)
	at java.util.concurrent.ThreadPoolExecutor.runWorker(ThreadPoolExecutor.java:1149)
	at java.util.concurrent.ThreadPoolExecutor$Worker.run(ThreadPoolExecutor.java:624)
	at java.lang.Thread.run(Thread.java:748)
</failure>
                                               </testcase>
                     <system-out><![CDATA[]]></system-out>
                     <system-err><![CDATA[]]></system-err>
                   </testsuite>